<?xml version="1.0" encoding="UTF-8"?>
<robot generator="Robot 7.0 (Python 3.11.1 on darwin)" generated="2024-03-12T05:24:33.742106" rpa="false" schemaversion="5">
<suite id="s1" name="Test Google" source="/Users/r.vanderhorst/Documents/GitHub/robotframework_course/lesson_2/test_google.robot">
<test id="s1-t1" name="Open Google Homepage" line="5">
<kw name="Open Browser" owner="SeleniumLibrary">
<msg time="2024-03-12T05:24:33.880603" level="INFO">Opening browser 'Chrome' to base url 'https://www.google.com'.</msg>
<arg>https://www.google.com</arg>
<arg>Chrome</arg>
<doc>Opens a new browser instance to the optional ``url``.</doc>
<status status="PASS" start="2024-03-12T05:24:33.880497" elapsed="19.795087"/>
</kw>
<kw name="Title Should Be" owner="SeleniumLibrary">
<msg time="2024-03-12T05:24:53.679820" level="INFO">Page title is 'Google'.</msg>
<arg>Google</arg>
<doc>Verifies that the current page title equals ``title``.</doc>
<status status="PASS" start="2024-03-12T05:24:53.676465" elapsed="0.003417"/>
</kw>
<kw name="Close Browser" owner="SeleniumLibrary">
<doc>Closes the current browser.</doc>
<status status="PASS" start="2024-03-12T05:24:53.680030" elapsed="0.105323"/>
</kw>
<status status="PASS" start="2024-03-12T05:24:33.880088" elapsed="19.905490"/>
</test>
<status status="PASS" start="2024-03-12T05:24:33.742862" elapsed="20.042973"/>
</suite>
<statistics>
<total>
<stat pass="1" fail="0" skip="0">All Tests</stat>
</total>
<tag>
</tag>
<suite>
<stat pass="1" fail="0" skip="0" id="s1" name="Test Google">Test Google</stat>
</suite>
</statistics>
<errors>
</errors>
</robot>
